{"/Users/helios/Dev/synet/packages/did/src/create.ts": {"path":"/Users/helios/Dev/synet/packages/did/src/create.ts","all":false,"statementMap":{"7":{"start":{"line":8,"column":0},"end":{"line":8,"column":38}},"8":{"start":{"line":9,"column":0},"end":{"line":9,"column":41}},"16":{"start":{"line":17,"column":0},"end":{"line":17,"column":50}},"17":{"start":{"line":18,"column":0},"end":{"line":18,"column":81}},"18":{"start":{"line":19,"column":0},"end":{"line":19,"column":18}},"22":{"start":{"line":23,"column":0},"end":{"line":23,"column":36}},"23":{"start":{"line":24,"column":0},"end":{"line":24,"column":62}},"24":{"start":{"line":25,"column":0},"end":{"line":25,"column":3}},"26":{"start":{"line":27,"column":0},"end":{"line":27,"column":16}},"27":{"start":{"line":28,"column":0},"end":{"line":28,"column":1}},"35":{"start":{"line":36,"column":0},"end":{"line":36,"column":111}},"36":{"start":{"line":37,"column":0},"end":{"line":37,"column":53}},"38":{"start":{"line":39,"column":0},"end":{"line":39,"column":25}},"40":{"start":{"line":41,"column":0},"end":{"line":41,"column":18}},"42":{"start":{"line":43,"column":0},"end":{"line":43,"column":27}},"43":{"start":{"line":44,"column":0},"end":{"line":44,"column":10}},"45":{"start":{"line":46,"column":0},"end":{"line":46,"column":70}},"46":{"start":{"line":47,"column":0},"end":{"line":47,"column":3}},"48":{"start":{"line":49,"column":0},"end":{"line":49,"column":38}},"51":{"start":{"line":52,"column":0},"end":{"line":52,"column":38}},"52":{"start":{"line":53,"column":0},"end":{"line":53,"column":28}},"53":{"start":{"line":54,"column":0},"end":{"line":54,"column":78}},"54":{"start":{"line":55,"column":0},"end":{"line":55,"column":3}},"56":{"start":{"line":57,"column":0},"end":{"line":57,"column":13}},"57":{"start":{"line":58,"column":0},"end":{"line":58,"column":1}},"66":{"start":{"line":67,"column":0},"end":{"line":67,"column":69}},"67":{"start":{"line":68,"column":0},"end":{"line":68,"column":46}},"68":{"start":{"line":69,"column":0},"end":{"line":69,"column":57}},"69":{"start":{"line":70,"column":0},"end":{"line":70,"column":3}},"72":{"start":{"line":73,"column":0},"end":{"line":73,"column":56}},"73":{"start":{"line":74,"column":0},"end":{"line":74,"column":60}},"74":{"start":{"line":75,"column":0},"end":{"line":75,"column":3}},"77":{"start":{"line":78,"column":0},"end":{"line":78,"column":52}},"79":{"start":{"line":80,"column":0},"end":{"line":80,"column":33}},"80":{"start":{"line":81,"column":0},"end":{"line":81,"column":13}},"81":{"start":{"line":82,"column":0},"end":{"line":82,"column":49}},"82":{"start":{"line":83,"column":0},"end":{"line":83,"column":3}},"84":{"start":{"line":85,"column":0},"end":{"line":85,"column":38}},"87":{"start":{"line":88,"column":0},"end":{"line":88,"column":38}},"88":{"start":{"line":89,"column":0},"end":{"line":89,"column":28}},"89":{"start":{"line":90,"column":0},"end":{"line":90,"column":78}},"90":{"start":{"line":91,"column":0},"end":{"line":91,"column":3}},"92":{"start":{"line":93,"column":0},"end":{"line":93,"column":13}},"93":{"start":{"line":94,"column":0},"end":{"line":94,"column":1}},"101":{"start":{"line":102,"column":0},"end":{"line":102,"column":61}},"102":{"start":{"line":103,"column":0},"end":{"line":103,"column":50}},"104":{"start":{"line":105,"column":0},"end":{"line":105,"column":22}},"105":{"start":{"line":106,"column":0},"end":{"line":106,"column":77}},"106":{"start":{"line":107,"column":0},"end":{"line":107,"column":3}},"108":{"start":{"line":109,"column":0},"end":{"line":109,"column":32}},"111":{"start":{"line":112,"column":0},"end":{"line":112,"column":38}},"112":{"start":{"line":113,"column":0},"end":{"line":113,"column":28}},"113":{"start":{"line":114,"column":0},"end":{"line":114,"column":80}},"114":{"start":{"line":115,"column":0},"end":{"line":115,"column":3}},"116":{"start":{"line":117,"column":0},"end":{"line":117,"column":13}},"117":{"start":{"line":118,"column":0},"end":{"line":118,"column":1}},"125":{"start":{"line":126,"column":0},"end":{"line":126,"column":62}},"126":{"start":{"line":127,"column":0},"end":{"line":127,"column":27}},"127":{"start":{"line":128,"column":0},"end":{"line":128,"column":15}},"128":{"start":{"line":129,"column":0},"end":{"line":129,"column":27}},"129":{"start":{"line":130,"column":0},"end":{"line":130,"column":37}},"130":{"start":{"line":131,"column":0},"end":{"line":131,"column":32}},"131":{"start":{"line":132,"column":0},"end":{"line":132,"column":9}},"133":{"start":{"line":134,"column":0},"end":{"line":134,"column":15}},"134":{"start":{"line":135,"column":0},"end":{"line":135,"column":32}},"135":{"start":{"line":136,"column":0},"end":{"line":136,"column":74}},"136":{"start":{"line":137,"column":0},"end":{"line":137,"column":7}},"137":{"start":{"line":138,"column":0},"end":{"line":138,"column":46}},"139":{"start":{"line":140,"column":0},"end":{"line":140,"column":17}},"140":{"start":{"line":141,"column":0},"end":{"line":141,"column":48}},"142":{"start":{"line":143,"column":0},"end":{"line":143,"column":12}},"143":{"start":{"line":144,"column":0},"end":{"line":144,"column":70}},"144":{"start":{"line":145,"column":0},"end":{"line":145,"column":3}},"145":{"start":{"line":146,"column":0},"end":{"line":146,"column":1}},"154":{"start":{"line":155,"column":0},"end":{"line":155,"column":34}},"155":{"start":{"line":156,"column":0},"end":{"line":156,"column":15}},"156":{"start":{"line":157,"column":0},"end":{"line":157,"column":12}},"161":{"start":{"line":162,"column":0},"end":{"line":162,"column":8}},"162":{"start":{"line":163,"column":0},"end":{"line":163,"column":16}},"163":{"start":{"line":164,"column":0},"end":{"line":164,"column":38}},"164":{"start":{"line":165,"column":0},"end":{"line":165,"column":28}},"165":{"start":{"line":166,"column":0},"end":{"line":166,"column":59}},"166":{"start":{"line":167,"column":0},"end":{"line":167,"column":3}},"168":{"start":{"line":169,"column":0},"end":{"line":169,"column":94}},"170":{"start":{"line":171,"column":0},"end":{"line":171,"column":33}},"171":{"start":{"line":172,"column":0},"end":{"line":172,"column":17}},"172":{"start":{"line":173,"column":0},"end":{"line":173,"column":37}},"173":{"start":{"line":174,"column":0},"end":{"line":174,"column":56}},"174":{"start":{"line":175,"column":0},"end":{"line":175,"column":6}},"175":{"start":{"line":176,"column":0},"end":{"line":176,"column":12}},"176":{"start":{"line":177,"column":0},"end":{"line":177,"column":33}},"177":{"start":{"line":178,"column":0},"end":{"line":178,"column":4}},"180":{"start":{"line":181,"column":0},"end":{"line":181,"column":18}},"181":{"start":{"line":182,"column":0},"end":{"line":182,"column":52}},"182":{"start":{"line":183,"column":0},"end":{"line":183,"column":26}},"183":{"start":{"line":184,"column":0},"end":{"line":184,"column":20}},"184":{"start":{"line":185,"column":0},"end":{"line":185,"column":48}},"185":{"start":{"line":186,"column":0},"end":{"line":186,"column":35}},"186":{"start":{"line":187,"column":0},"end":{"line":187,"column":6}},"188":{"start":{"line":189,"column":0},"end":{"line":189,"column":55}},"189":{"start":{"line":190,"column":0},"end":{"line":190,"column":54}},"190":{"start":{"line":191,"column":0},"end":{"line":191,"column":55}},"191":{"start":{"line":192,"column":0},"end":{"line":192,"column":3}},"194":{"start":{"line":195,"column":0},"end":{"line":195,"column":40}},"195":{"start":{"line":196,"column":0},"end":{"line":196,"column":49}},"196":{"start":{"line":197,"column":0},"end":{"line":197,"column":74}},"197":{"start":{"line":198,"column":0},"end":{"line":198,"column":25}},"198":{"start":{"line":199,"column":0},"end":{"line":199,"column":46}},"199":{"start":{"line":200,"column":0},"end":{"line":200,"column":8}},"200":{"start":{"line":201,"column":0},"end":{"line":201,"column":3}},"202":{"start":{"line":203,"column":0},"end":{"line":203,"column":18}},"203":{"start":{"line":204,"column":0},"end":{"line":204,"column":1}}},"s":{"7":1,"8":1,"16":113,"17":113,"18":113,"22":113,"23":3666,"24":3666,"26":113,"27":113,"35":1,"36":110,"38":110,"40":110,"42":2,"43":110,"45":108,"46":108,"48":110,"51":110,"52":110,"53":0,"54":0,"56":110,"57":110,"66":1,"67":12,"68":4,"69":4,"72":12,"73":2,"74":2,"77":6,"79":6,"80":12,"81":2,"82":2,"84":6,"87":6,"88":12,"89":0,"90":0,"92":6,"93":6,"101":1,"102":9,"104":9,"105":2,"106":2,"108":7,"111":7,"112":9,"113":0,"114":0,"116":7,"117":7,"125":1,"126":110,"127":110,"128":103,"129":103,"130":103,"131":103,"133":110,"134":4,"135":2,"136":2,"137":2,"139":110,"140":3,"142":110,"143":0,"144":110,"145":110,"154":1,"155":13,"156":13,"161":13,"162":13,"163":13,"164":13,"165":4,"166":4,"168":9,"170":9,"171":9,"172":9,"173":9,"174":9,"175":9,"176":12,"177":13,"180":13,"181":4,"182":4,"183":4,"184":4,"185":4,"186":4,"188":4,"189":4,"190":4,"191":4,"194":13,"195":3,"196":4,"197":4,"198":4,"199":3,"200":3,"202":9,"203":9},"branchMap":{"0":{"type":"branch","line":17,"loc":{"start":{"line":17,"column":0},"end":{"line":28,"column":1}},"locations":[{"start":{"line":17,"column":0},"end":{"line":28,"column":1}}]},"1":{"type":"branch","line":23,"loc":{"start":{"line":23,"column":35},"end":{"line":25,"column":3}},"locations":[{"start":{"line":23,"column":35},"end":{"line":25,"column":3}}]},"2":{"type":"branch","line":36,"loc":{"start":{"line":36,"column":7},"end":{"line":58,"column":1}},"locations":[{"start":{"line":36,"column":7},"end":{"line":58,"column":1}}]},"3":{"type":"branch","line":41,"loc":{"start":{"line":41,"column":17},"end":{"line":44,"column":9}},"locations":[{"start":{"line":41,"column":17},"end":{"line":44,"column":9}}]},"4":{"type":"branch","line":44,"loc":{"start":{"line":44,"column":2},"end":{"line":47,"column":3}},"locations":[{"start":{"line":44,"column":2},"end":{"line":47,"column":3}}]},"5":{"type":"branch","line":53,"loc":{"start":{"line":53,"column":27},"end":{"line":55,"column":3}},"locations":[{"start":{"line":53,"column":27},"end":{"line":55,"column":3}}]},"6":{"type":"branch","line":67,"loc":{"start":{"line":67,"column":7},"end":{"line":94,"column":1}},"locations":[{"start":{"line":67,"column":7},"end":{"line":94,"column":1}}]},"7":{"type":"branch","line":68,"loc":{"start":{"line":68,"column":7},"end":{"line":68,"column":45}},"locations":[{"start":{"line":68,"column":7},"end":{"line":68,"column":45}}]},"8":{"type":"branch","line":68,"loc":{"start":{"line":68,"column":45},"end":{"line":70,"column":3}},"locations":[{"start":{"line":68,"column":45},"end":{"line":70,"column":3}}]},"9":{"type":"branch","line":70,"loc":{"start":{"line":70,"column":2},"end":{"line":73,"column":31}},"locations":[{"start":{"line":70,"column":2},"end":{"line":73,"column":31}}]},"10":{"type":"branch","line":73,"loc":{"start":{"line":73,"column":26},"end":{"line":73,"column":55}},"locations":[{"start":{"line":73,"column":26},"end":{"line":73,"column":55}}]},"11":{"type":"branch","line":73,"loc":{"start":{"line":73,"column":55},"end":{"line":75,"column":3}},"locations":[{"start":{"line":73,"column":55},"end":{"line":75,"column":3}}]},"12":{"type":"branch","line":75,"loc":{"start":{"line":75,"column":2},"end":{"line":81,"column":12}},"locations":[{"start":{"line":75,"column":2},"end":{"line":81,"column":12}}]},"13":{"type":"branch","line":81,"loc":{"start":{"line":81,"column":12},"end":{"line":83,"column":3}},"locations":[{"start":{"line":81,"column":12},"end":{"line":83,"column":3}}]},"14":{"type":"branch","line":83,"loc":{"start":{"line":83,"column":2},"end":{"line":89,"column":27}},"locations":[{"start":{"line":83,"column":2},"end":{"line":89,"column":27}}]},"15":{"type":"branch","line":89,"loc":{"start":{"line":89,"column":27},"end":{"line":91,"column":3}},"locations":[{"start":{"line":89,"column":27},"end":{"line":91,"column":3}}]},"16":{"type":"branch","line":91,"loc":{"start":{"line":91,"column":2},"end":{"line":94,"column":1}},"locations":[{"start":{"line":91,"column":2},"end":{"line":94,"column":1}}]},"17":{"type":"branch","line":102,"loc":{"start":{"line":102,"column":7},"end":{"line":118,"column":1}},"locations":[{"start":{"line":102,"column":7},"end":{"line":118,"column":1}}]},"18":{"type":"branch","line":103,"loc":{"start":{"line":103,"column":13},"end":{"line":103,"column":50}},"locations":[{"start":{"line":103,"column":13},"end":{"line":103,"column":50}}]},"19":{"type":"branch","line":105,"loc":{"start":{"line":105,"column":21},"end":{"line":107,"column":3}},"locations":[{"start":{"line":105,"column":21},"end":{"line":107,"column":3}}]},"20":{"type":"branch","line":107,"loc":{"start":{"line":107,"column":2},"end":{"line":113,"column":27}},"locations":[{"start":{"line":107,"column":2},"end":{"line":113,"column":27}}]},"21":{"type":"branch","line":113,"loc":{"start":{"line":113,"column":27},"end":{"line":115,"column":3}},"locations":[{"start":{"line":113,"column":27},"end":{"line":115,"column":3}}]},"22":{"type":"branch","line":115,"loc":{"start":{"line":115,"column":2},"end":{"line":118,"column":1}},"locations":[{"start":{"line":115,"column":2},"end":{"line":118,"column":1}}]},"23":{"type":"branch","line":126,"loc":{"start":{"line":126,"column":7},"end":{"line":146,"column":1}},"locations":[{"start":{"line":126,"column":7},"end":{"line":146,"column":1}}]},"24":{"type":"branch","line":128,"loc":{"start":{"line":128,"column":4},"end":{"line":132,"column":9}},"locations":[{"start":{"line":128,"column":4},"end":{"line":132,"column":9}}]},"25":{"type":"branch","line":134,"loc":{"start":{"line":134,"column":4},"end":{"line":138,"column":46}},"locations":[{"start":{"line":134,"column":4},"end":{"line":138,"column":46}}]},"26":{"type":"branch","line":135,"loc":{"start":{"line":135,"column":31},"end":{"line":138,"column":46}},"locations":[{"start":{"line":135,"column":31},"end":{"line":138,"column":46}}]},"27":{"type":"branch","line":140,"loc":{"start":{"line":140,"column":4},"end":{"line":141,"column":48}},"locations":[{"start":{"line":140,"column":4},"end":{"line":141,"column":48}}]},"28":{"type":"branch","line":143,"loc":{"start":{"line":143,"column":4},"end":{"line":144,"column":70}},"locations":[{"start":{"line":143,"column":4},"end":{"line":144,"column":70}}]},"29":{"type":"branch","line":155,"loc":{"start":{"line":155,"column":7},"end":{"line":204,"column":1}},"locations":[{"start":{"line":155,"column":7},"end":{"line":204,"column":1}}]},"30":{"type":"branch","line":165,"loc":{"start":{"line":165,"column":27},"end":{"line":167,"column":3}},"locations":[{"start":{"line":165,"column":27},"end":{"line":167,"column":3}}]},"31":{"type":"branch","line":167,"loc":{"start":{"line":167,"column":2},"end":{"line":177,"column":33}},"locations":[{"start":{"line":167,"column":2},"end":{"line":177,"column":33}}]},"32":{"type":"branch","line":167,"loc":{"start":{"line":167,"column":2},"end":{"line":177,"column":30}},"locations":[{"start":{"line":167,"column":2},"end":{"line":177,"column":30}}]},"33":{"type":"branch","line":177,"loc":{"start":{"line":177,"column":16},"end":{"line":177,"column":33}},"locations":[{"start":{"line":177,"column":16},"end":{"line":177,"column":33}}]},"34":{"type":"branch","line":181,"loc":{"start":{"line":181,"column":17},"end":{"line":192,"column":3}},"locations":[{"start":{"line":181,"column":17},"end":{"line":192,"column":3}}]},"35":{"type":"branch","line":192,"loc":{"start":{"line":192,"column":2},"end":{"line":195,"column":18}},"locations":[{"start":{"line":192,"column":2},"end":{"line":195,"column":18}}]},"36":{"type":"branch","line":195,"loc":{"start":{"line":195,"column":6},"end":{"line":195,"column":39}},"locations":[{"start":{"line":195,"column":6},"end":{"line":195,"column":39}}]},"37":{"type":"branch","line":195,"loc":{"start":{"line":195,"column":39},"end":{"line":201,"column":3}},"locations":[{"start":{"line":195,"column":39},"end":{"line":201,"column":3}}]},"38":{"type":"branch","line":201,"loc":{"start":{"line":201,"column":2},"end":{"line":204,"column":1}},"locations":[{"start":{"line":201,"column":2},"end":{"line":204,"column":1}}]},"39":{"type":"branch","line":196,"loc":{"start":{"line":196,"column":36},"end":{"line":200,"column":6}},"locations":[{"start":{"line":196,"column":36},"end":{"line":200,"column":6}}]},"40":{"type":"branch","line":197,"loc":{"start":{"line":197,"column":35},"end":{"line":197,"column":63}},"locations":[{"start":{"line":197,"column":35},"end":{"line":197,"column":63}}]},"41":{"type":"branch","line":197,"loc":{"start":{"line":197,"column":58},"end":{"line":197,"column":74}},"locations":[{"start":{"line":197,"column":58},"end":{"line":197,"column":74}}]}},"b":{"0":[113],"1":[3666],"2":[110],"3":[2],"4":[108],"5":[0],"6":[12],"7":[9],"8":[4],"9":[8],"10":[7],"11":[2],"12":[6],"13":[2],"14":[6],"15":[0],"16":[6],"17":[9],"18":[5],"19":[2],"20":[7],"21":[0],"22":[7],"23":[110],"24":[103],"25":[4],"26":[2],"27":[3],"28":[0],"29":[13],"30":[4],"31":[12],"32":[9],"33":[8],"34":[4],"35":[9],"36":[4],"37":[3],"38":[9],"39":[4],"40":[3],"41":[1]},"fnMap":{"0":{"name":"generateIdentifier","decl":{"start":{"line":17,"column":0},"end":{"line":28,"column":1}},"loc":{"start":{"line":17,"column":0},"end":{"line":28,"column":1}},"line":17},"1":{"name":"createDIDKey","decl":{"start":{"line":36,"column":7},"end":{"line":58,"column":1}},"loc":{"start":{"line":36,"column":7},"end":{"line":58,"column":1}},"line":36},"2":{"name":"createDIDWeb","decl":{"start":{"line":67,"column":7},"end":{"line":94,"column":1}},"loc":{"start":{"line":67,"column":7},"end":{"line":94,"column":1}},"line":67},"3":{"name":"createDIDSynet","decl":{"start":{"line":102,"column":7},"end":{"line":118,"column":1}},"loc":{"start":{"line":102,"column":7},"end":{"line":118,"column":1}},"line":102},"4":{"name":"createDID","decl":{"start":{"line":126,"column":7},"end":{"line":146,"column":1}},"loc":{"start":{"line":126,"column":7},"end":{"line":146,"column":1}},"line":126},"5":{"name":"createDIDDocument","decl":{"start":{"line":155,"column":7},"end":{"line":204,"column":1}},"loc":{"start":{"line":155,"column":7},"end":{"line":204,"column":1}},"line":155}},"f":{"0":113,"1":110,"2":12,"3":9,"4":110,"5":13}}
,"/Users/helios/Dev/synet/packages/did/src/index.ts": {"path":"/Users/helios/Dev/synet/packages/did/src/index.ts","all":false,"statementMap":{"0":{"start":{"line":1,"column":0},"end":{"line":1,"column":3}},"28":{"start":{"line":29,"column":0},"end":{"line":29,"column":38}},"31":{"start":{"line":32,"column":0},"end":{"line":32,"column":8}},"42":{"start":{"line":43,"column":0},"end":{"line":43,"column":8}},"51":{"start":{"line":52,"column":0},"end":{"line":52,"column":8}},"59":{"start":{"line":60,"column":0},"end":{"line":60,"column":8}},"69":{"start":{"line":70,"column":0},"end":{"line":70,"column":31}},"72":{"start":{"line":73,"column":0},"end":{"line":73,"column":16}},"73":{"start":{"line":74,"column":0},"end":{"line":74,"column":12}},"74":{"start":{"line":75,"column":0},"end":{"line":75,"column":15}},"75":{"start":{"line":76,"column":0},"end":{"line":76,"column":15}},"76":{"start":{"line":77,"column":0},"end":{"line":77,"column":17}},"77":{"start":{"line":78,"column":0},"end":{"line":78,"column":20}},"78":{"start":{"line":79,"column":0},"end":{"line":79,"column":11}},"79":{"start":{"line":80,"column":0},"end":{"line":80,"column":14}},"80":{"start":{"line":81,"column":0},"end":{"line":81,"column":8}},"81":{"start":{"line":82,"column":0},"end":{"line":82,"column":16}},"82":{"start":{"line":83,"column":0},"end":{"line":83,"column":20}},"83":{"start":{"line":84,"column":0},"end":{"line":84,"column":15}},"84":{"start":{"line":85,"column":0},"end":{"line":85,"column":9}},"85":{"start":{"line":86,"column":0},"end":{"line":86,"column":2}}},"s":{"0":1,"28":1,"31":1,"42":1,"51":1,"59":1,"69":1,"72":1,"73":1,"74":1,"75":1,"76":1,"77":1,"78":1,"79":1,"80":1,"81":1,"82":1,"83":1,"84":1,"85":1},"branchMap":{},"b":{},"fnMap":{},"f":{}}
,"/Users/helios/Dev/synet/packages/did/src/types.ts": {"path":"/Users/helios/Dev/synet/packages/did/src/types.ts","all":false,"statementMap":{"92":{"start":{"line":93,"column":0},"end":{"line":93,"column":37}},"93":{"start":{"line":94,"column":0},"end":{"line":94,"column":54}},"94":{"start":{"line":95,"column":0},"end":{"line":95,"column":19}},"95":{"start":{"line":96,"column":0},"end":{"line":96,"column":27}},"96":{"start":{"line":97,"column":0},"end":{"line":97,"column":3}},"97":{"start":{"line":98,"column":0},"end":{"line":98,"column":1}}},"s":{"92":1,"93":1,"94":17,"95":17,"96":17,"97":1},"branchMap":{"0":{"type":"branch","line":94,"loc":{"start":{"line":94,"column":2},"end":{"line":97,"column":3}},"locations":[{"start":{"line":94,"column":2},"end":{"line":97,"column":3}}]}},"b":{"0":[17]},"fnMap":{"0":{"name":"DIDError","decl":{"start":{"line":94,"column":2},"end":{"line":97,"column":3}},"loc":{"start":{"line":94,"column":2},"end":{"line":97,"column":3}},"line":94}},"f":{"0":17}}
,"/Users/helios/Dev/synet/packages/did/src/utils.ts": {"path":"/Users/helios/Dev/synet/packages/did/src/utils.ts","all":false,"statementMap":{"7":{"start":{"line":8,"column":0},"end":{"line":8,"column":38}},"14":{"start":{"line":15,"column":0},"end":{"line":15,"column":87}},"19":{"start":{"line":20,"column":0},"end":{"line":20,"column":63}},"27":{"start":{"line":28,"column":0},"end":{"line":28,"column":55}},"28":{"start":{"line":29,"column":0},"end":{"line":29,"column":40}},"29":{"start":{"line":30,"column":0},"end":{"line":30,"column":12}},"30":{"start":{"line":31,"column":0},"end":{"line":31,"column":10}},"31":{"start":{"line":32,"column":0},"end":{"line":32,"column":52}},"32":{"start":{"line":33,"column":0},"end":{"line":33,"column":21}},"33":{"start":{"line":34,"column":0},"end":{"line":34,"column":45}},"34":{"start":{"line":35,"column":0},"end":{"line":35,"column":6}},"35":{"start":{"line":36,"column":0},"end":{"line":36,"column":3}},"37":{"start":{"line":38,"column":0},"end":{"line":38,"column":29}},"38":{"start":{"line":39,"column":0},"end":{"line":39,"column":41}},"40":{"start":{"line":41,"column":0},"end":{"line":41,"column":15}},"41":{"start":{"line":42,"column":0},"end":{"line":42,"column":12}},"42":{"start":{"line":43,"column":0},"end":{"line":43,"column":19}},"43":{"start":{"line":44,"column":0},"end":{"line":44,"column":52}},"44":{"start":{"line":45,"column":0},"end":{"line":45,"column":21}},"45":{"start":{"line":46,"column":0},"end":{"line":46,"column":33}},"46":{"start":{"line":47,"column":0},"end":{"line":47,"column":6}},"47":{"start":{"line":48,"column":0},"end":{"line":48,"column":3}},"49":{"start":{"line":50,"column":0},"end":{"line":50,"column":62}},"52":{"start":{"line":53,"column":0},"end":{"line":53,"column":49}},"53":{"start":{"line":54,"column":0},"end":{"line":54,"column":14}},"54":{"start":{"line":55,"column":0},"end":{"line":55,"column":35}},"55":{"start":{"line":56,"column":0},"end":{"line":56,"column":31}},"56":{"start":{"line":57,"column":0},"end":{"line":57,"column":43}},"57":{"start":{"line":58,"column":0},"end":{"line":58,"column":16}},"58":{"start":{"line":59,"column":0},"end":{"line":59,"column":86}},"59":{"start":{"line":60,"column":0},"end":{"line":60,"column":7}},"60":{"start":{"line":61,"column":0},"end":{"line":61,"column":5}},"61":{"start":{"line":62,"column":0},"end":{"line":62,"column":3}},"63":{"start":{"line":64,"column":0},"end":{"line":64,"column":37}},"64":{"start":{"line":65,"column":0},"end":{"line":65,"column":32}},"65":{"start":{"line":66,"column":0},"end":{"line":66,"column":15}},"66":{"start":{"line":67,"column":0},"end":{"line":67,"column":28}},"67":{"start":{"line":68,"column":0},"end":{"line":68,"column":73}},"68":{"start":{"line":69,"column":0},"end":{"line":69,"column":35}},"69":{"start":{"line":70,"column":0},"end":{"line":70,"column":4}},"71":{"start":{"line":72,"column":0},"end":{"line":72,"column":10}},"72":{"start":{"line":73,"column":0},"end":{"line":73,"column":17}},"73":{"start":{"line":74,"column":0},"end":{"line":74,"column":15}},"74":{"start":{"line":75,"column":0},"end":{"line":75,"column":17}},"75":{"start":{"line":76,"column":0},"end":{"line":76,"column":4}},"76":{"start":{"line":77,"column":0},"end":{"line":77,"column":1}},"84":{"start":{"line":85,"column":0},"end":{"line":85,"column":63}},"85":{"start":{"line":86,"column":0},"end":{"line":86,"column":36}},"87":{"start":{"line":88,"column":0},"end":{"line":88,"column":29}},"88":{"start":{"line":89,"column":0},"end":{"line":89,"column":12}},"89":{"start":{"line":90,"column":0},"end":{"line":90,"column":21}},"90":{"start":{"line":91,"column":0},"end":{"line":91,"column":30}},"91":{"start":{"line":92,"column":0},"end":{"line":92,"column":6}},"92":{"start":{"line":93,"column":0},"end":{"line":93,"column":3}},"94":{"start":{"line":95,"column":0},"end":{"line":95,"column":37}},"95":{"start":{"line":96,"column":0},"end":{"line":96,"column":32}},"98":{"start":{"line":99,"column":0},"end":{"line":99,"column":55}},"99":{"start":{"line":100,"column":0},"end":{"line":100,"column":79}},"100":{"start":{"line":101,"column":0},"end":{"line":101,"column":3}},"103":{"start":{"line":104,"column":0},"end":{"line":104,"column":30}},"104":{"start":{"line":105,"column":0},"end":{"line":105,"column":15}},"106":{"start":{"line":107,"column":0},"end":{"line":107,"column":73}},"107":{"start":{"line":108,"column":0},"end":{"line":108,"column":16}},"108":{"start":{"line":109,"column":0},"end":{"line":109,"column":25}},"109":{"start":{"line":110,"column":0},"end":{"line":110,"column":52}},"110":{"start":{"line":111,"column":0},"end":{"line":111,"column":10}},"111":{"start":{"line":112,"column":0},"end":{"line":112,"column":7}},"113":{"start":{"line":114,"column":0},"end":{"line":114,"column":78}},"114":{"start":{"line":115,"column":0},"end":{"line":115,"column":16}},"115":{"start":{"line":116,"column":0},"end":{"line":116,"column":25}},"116":{"start":{"line":117,"column":0},"end":{"line":117,"column":52}},"117":{"start":{"line":118,"column":0},"end":{"line":118,"column":10}},"118":{"start":{"line":119,"column":0},"end":{"line":119,"column":7}},"119":{"start":{"line":120,"column":0},"end":{"line":120,"column":12}},"121":{"start":{"line":122,"column":0},"end":{"line":122,"column":15}},"122":{"start":{"line":123,"column":0},"end":{"line":123,"column":49}},"123":{"start":{"line":124,"column":0},"end":{"line":124,"column":16}},"124":{"start":{"line":125,"column":0},"end":{"line":125,"column":25}},"125":{"start":{"line":126,"column":0},"end":{"line":126,"column":65}},"126":{"start":{"line":127,"column":0},"end":{"line":127,"column":10}},"127":{"start":{"line":128,"column":0},"end":{"line":128,"column":7}},"128":{"start":{"line":129,"column":0},"end":{"line":129,"column":12}},"130":{"start":{"line":131,"column":0},"end":{"line":131,"column":17}},"131":{"start":{"line":132,"column":0},"end":{"line":132,"column":45}},"132":{"start":{"line":133,"column":0},"end":{"line":133,"column":16}},"133":{"start":{"line":134,"column":0},"end":{"line":134,"column":25}},"134":{"start":{"line":135,"column":0},"end":{"line":135,"column":69}},"135":{"start":{"line":136,"column":0},"end":{"line":136,"column":10}},"136":{"start":{"line":137,"column":0},"end":{"line":137,"column":7}},"137":{"start":{"line":138,"column":0},"end":{"line":138,"column":12}},"138":{"start":{"line":139,"column":0},"end":{"line":139,"column":3}},"140":{"start":{"line":141,"column":0},"end":{"line":141,"column":10}},"141":{"start":{"line":142,"column":0},"end":{"line":142,"column":18}},"142":{"start":{"line":143,"column":0},"end":{"line":143,"column":56}},"143":{"start":{"line":144,"column":0},"end":{"line":144,"column":4}},"144":{"start":{"line":145,"column":0},"end":{"line":145,"column":1}},"152":{"start":{"line":153,"column":0},"end":{"line":153,"column":65}},"153":{"start":{"line":154,"column":0},"end":{"line":154,"column":64}},"155":{"start":{"line":156,"column":0},"end":{"line":156,"column":24}},"156":{"start":{"line":157,"column":0},"end":{"line":157,"column":33}},"157":{"start":{"line":158,"column":0},"end":{"line":158,"column":3}},"159":{"start":{"line":160,"column":0},"end":{"line":160,"column":25}},"160":{"start":{"line":161,"column":0},"end":{"line":161,"column":78}},"161":{"start":{"line":162,"column":0},"end":{"line":162,"column":63}},"162":{"start":{"line":163,"column":0},"end":{"line":163,"column":6}},"163":{"start":{"line":164,"column":0},"end":{"line":164,"column":38}},"164":{"start":{"line":165,"column":0},"end":{"line":165,"column":3}},"166":{"start":{"line":167,"column":0},"end":{"line":167,"column":28}},"167":{"start":{"line":168,"column":0},"end":{"line":168,"column":37}},"168":{"start":{"line":169,"column":0},"end":{"line":169,"column":3}},"170":{"start":{"line":171,"column":0},"end":{"line":171,"column":13}},"171":{"start":{"line":172,"column":0},"end":{"line":172,"column":1}},"179":{"start":{"line":180,"column":0},"end":{"line":180,"column":45}},"180":{"start":{"line":181,"column":0},"end":{"line":181,"column":34}},"181":{"start":{"line":182,"column":0},"end":{"line":182,"column":1}},"189":{"start":{"line":190,"column":0},"end":{"line":190,"column":62}},"190":{"start":{"line":191,"column":0},"end":{"line":191,"column":31}},"191":{"start":{"line":192,"column":0},"end":{"line":192,"column":58}},"192":{"start":{"line":193,"column":0},"end":{"line":193,"column":1}},"200":{"start":{"line":201,"column":0},"end":{"line":201,"column":63}},"201":{"start":{"line":202,"column":0},"end":{"line":202,"column":31}},"202":{"start":{"line":203,"column":0},"end":{"line":203,"column":62}},"203":{"start":{"line":204,"column":0},"end":{"line":204,"column":1}},"211":{"start":{"line":212,"column":0},"end":{"line":212,"column":51}},"212":{"start":{"line":213,"column":0},"end":{"line":213,"column":31}},"213":{"start":{"line":214,"column":0},"end":{"line":214,"column":24}},"214":{"start":{"line":215,"column":0},"end":{"line":215,"column":72}},"215":{"start":{"line":216,"column":0},"end":{"line":216,"column":3}},"216":{"start":{"line":217,"column":0},"end":{"line":217,"column":41}},"217":{"start":{"line":218,"column":0},"end":{"line":218,"column":1}}},"s":{"7":1,"14":1,"19":1,"27":1,"28":3335,"29":14,"30":14,"31":14,"32":14,"33":14,"34":14,"35":14,"37":3321,"38":3321,"40":3335,"41":22,"42":22,"43":22,"44":22,"45":22,"46":22,"47":22,"49":3299,"52":3299,"53":3335,"54":1007,"55":1007,"56":2013,"57":2013,"58":2013,"59":2013,"60":2013,"61":1007,"63":3299,"64":3299,"65":3299,"66":3332,"67":3335,"68":3335,"69":3335,"71":3335,"72":3335,"73":3335,"74":3335,"75":3335,"76":3335,"84":1,"85":283,"87":283,"88":13,"89":13,"90":13,"91":13,"92":13,"94":270,"95":270,"98":283,"99":2,"100":2,"103":270,"104":283,"106":230,"107":0,"108":0,"109":0,"110":0,"111":0,"113":230,"114":3,"115":3,"116":3,"117":3,"118":3,"119":227,"121":283,"122":20,"123":3,"124":3,"125":3,"126":3,"127":3,"128":17,"130":283,"131":18,"132":2,"133":2,"134":2,"135":2,"136":2,"137":16,"138":283,"140":262,"141":262,"142":283,"143":283,"144":283,"152":1,"153":10,"155":10,"156":4,"157":4,"159":10,"160":5,"161":10,"162":5,"163":5,"164":5,"166":10,"167":4,"168":4,"170":10,"171":10,"179":1,"180":131,"181":131,"189":1,"190":10,"191":10,"192":10,"200":1,"201":10,"202":10,"203":10,"211":1,"212":7,"213":7,"214":3,"215":3,"216":4,"217":4},"branchMap":{"0":{"type":"branch","line":28,"loc":{"start":{"line":28,"column":7},"end":{"line":77,"column":1}},"locations":[{"start":{"line":28,"column":7},"end":{"line":77,"column":1}}]},"1":{"type":"branch","line":29,"loc":{"start":{"line":29,"column":7},"end":{"line":29,"column":39}},"locations":[{"start":{"line":29,"column":7},"end":{"line":29,"column":39}}]},"2":{"type":"branch","line":29,"loc":{"start":{"line":29,"column":39},"end":{"line":36,"column":3}},"locations":[{"start":{"line":29,"column":39},"end":{"line":36,"column":3}}]},"3":{"type":"branch","line":36,"loc":{"start":{"line":36,"column":2},"end":{"line":41,"column":14}},"locations":[{"start":{"line":36,"column":2},"end":{"line":41,"column":14}}]},"4":{"type":"branch","line":41,"loc":{"start":{"line":41,"column":14},"end":{"line":48,"column":3}},"locations":[{"start":{"line":41,"column":14},"end":{"line":48,"column":3}}]},"5":{"type":"branch","line":48,"loc":{"start":{"line":48,"column":2},"end":{"line":54,"column":13}},"locations":[{"start":{"line":48,"column":2},"end":{"line":54,"column":13}}]},"6":{"type":"branch","line":54,"loc":{"start":{"line":54,"column":13},"end":{"line":62,"column":3}},"locations":[{"start":{"line":54,"column":13},"end":{"line":62,"column":3}}]},"7":{"type":"branch","line":56,"loc":{"start":{"line":56,"column":30},"end":{"line":61,"column":5}},"locations":[{"start":{"line":56,"column":30},"end":{"line":61,"column":5}}]},"8":{"type":"branch","line":59,"loc":{"start":{"line":59,"column":79},"end":{"line":59,"column":86}},"locations":[{"start":{"line":59,"column":79},"end":{"line":59,"column":86}}]},"9":{"type":"branch","line":62,"loc":{"start":{"line":62,"column":2},"end":{"line":67,"column":28}},"locations":[{"start":{"line":62,"column":2},"end":{"line":67,"column":28}}]},"10":{"type":"branch","line":62,"loc":{"start":{"line":62,"column":2},"end":{"line":67,"column":18}},"locations":[{"start":{"line":62,"column":2},"end":{"line":67,"column":18}}]},"11":{"type":"branch","line":67,"loc":{"start":{"line":67,"column":10},"end":{"line":67,"column":28}},"locations":[{"start":{"line":67,"column":10},"end":{"line":67,"column":28}}]},"12":{"type":"branch","line":68,"loc":{"start":{"line":68,"column":45},"end":{"line":68,"column":63}},"locations":[{"start":{"line":68,"column":45},"end":{"line":68,"column":63}}]},"13":{"type":"branch","line":68,"loc":{"start":{"line":68,"column":49},"end":{"line":68,"column":73}},"locations":[{"start":{"line":68,"column":49},"end":{"line":68,"column":73}}]},"14":{"type":"branch","line":69,"loc":{"start":{"line":69,"column":14},"end":{"line":69,"column":35}},"locations":[{"start":{"line":69,"column":14},"end":{"line":69,"column":35}}]},"15":{"type":"branch","line":85,"loc":{"start":{"line":85,"column":7},"end":{"line":145,"column":1}},"locations":[{"start":{"line":85,"column":7},"end":{"line":145,"column":1}}]},"16":{"type":"branch","line":88,"loc":{"start":{"line":88,"column":28},"end":{"line":93,"column":3}},"locations":[{"start":{"line":88,"column":28},"end":{"line":93,"column":3}}]},"17":{"type":"branch","line":93,"loc":{"start":{"line":93,"column":2},"end":{"line":99,"column":54}},"locations":[{"start":{"line":93,"column":2},"end":{"line":99,"column":54}}]},"18":{"type":"branch","line":99,"loc":{"start":{"line":99,"column":54},"end":{"line":101,"column":3}},"locations":[{"start":{"line":99,"column":54},"end":{"line":101,"column":3}}]},"19":{"type":"branch","line":101,"loc":{"start":{"line":101,"column":2},"end":{"line":104,"column":30}},"locations":[{"start":{"line":101,"column":2},"end":{"line":104,"column":30}}]},"20":{"type":"branch","line":105,"loc":{"start":{"line":105,"column":4},"end":{"line":120,"column":12}},"locations":[{"start":{"line":105,"column":4},"end":{"line":120,"column":12}}]},"21":{"type":"branch","line":107,"loc":{"start":{"line":107,"column":72},"end":{"line":112,"column":7}},"locations":[{"start":{"line":107,"column":72},"end":{"line":112,"column":7}}]},"22":{"type":"branch","line":114,"loc":{"start":{"line":114,"column":77},"end":{"line":119,"column":7}},"locations":[{"start":{"line":114,"column":77},"end":{"line":119,"column":7}}]},"23":{"type":"branch","line":119,"loc":{"start":{"line":119,"column":6},"end":{"line":120,"column":12}},"locations":[{"start":{"line":119,"column":6},"end":{"line":120,"column":12}}]},"24":{"type":"branch","line":122,"loc":{"start":{"line":122,"column":4},"end":{"line":129,"column":12}},"locations":[{"start":{"line":122,"column":4},"end":{"line":129,"column":12}}]},"25":{"type":"branch","line":123,"loc":{"start":{"line":123,"column":48},"end":{"line":128,"column":7}},"locations":[{"start":{"line":123,"column":48},"end":{"line":128,"column":7}}]},"26":{"type":"branch","line":128,"loc":{"start":{"line":128,"column":6},"end":{"line":129,"column":12}},"locations":[{"start":{"line":128,"column":6},"end":{"line":129,"column":12}}]},"27":{"type":"branch","line":131,"loc":{"start":{"line":131,"column":4},"end":{"line":138,"column":12}},"locations":[{"start":{"line":131,"column":4},"end":{"line":138,"column":12}}]},"28":{"type":"branch","line":132,"loc":{"start":{"line":132,"column":44},"end":{"line":138,"column":12}},"locations":[{"start":{"line":132,"column":44},"end":{"line":138,"column":12}}]},"29":{"type":"branch","line":132,"loc":{"start":{"line":132,"column":44},"end":{"line":137,"column":7}},"locations":[{"start":{"line":132,"column":44},"end":{"line":137,"column":7}}]},"30":{"type":"branch","line":139,"loc":{"start":{"line":139,"column":2},"end":{"line":143,"column":36}},"locations":[{"start":{"line":139,"column":2},"end":{"line":143,"column":36}}]},"31":{"type":"branch","line":143,"loc":{"start":{"line":143,"column":32},"end":{"line":143,"column":47}},"locations":[{"start":{"line":143,"column":32},"end":{"line":143,"column":47}}]},"32":{"type":"branch","line":143,"loc":{"start":{"line":143,"column":36},"end":{"line":143,"column":56}},"locations":[{"start":{"line":143,"column":36},"end":{"line":143,"column":56}}]},"33":{"type":"branch","line":153,"loc":{"start":{"line":153,"column":7},"end":{"line":172,"column":1}},"locations":[{"start":{"line":153,"column":7},"end":{"line":172,"column":1}}]},"34":{"type":"branch","line":156,"loc":{"start":{"line":156,"column":23},"end":{"line":158,"column":3}},"locations":[{"start":{"line":156,"column":23},"end":{"line":158,"column":3}}]},"35":{"type":"branch","line":160,"loc":{"start":{"line":160,"column":24},"end":{"line":165,"column":3}},"locations":[{"start":{"line":160,"column":24},"end":{"line":165,"column":3}}]},"36":{"type":"branch","line":167,"loc":{"start":{"line":167,"column":27},"end":{"line":169,"column":3}},"locations":[{"start":{"line":167,"column":27},"end":{"line":169,"column":3}}]},"37":{"type":"branch","line":161,"loc":{"start":{"line":161,"column":60},"end":{"line":162,"column":63}},"locations":[{"start":{"line":161,"column":60},"end":{"line":162,"column":63}}]},"38":{"type":"branch","line":180,"loc":{"start":{"line":180,"column":7},"end":{"line":182,"column":1}},"locations":[{"start":{"line":180,"column":7},"end":{"line":182,"column":1}}]},"39":{"type":"branch","line":190,"loc":{"start":{"line":190,"column":7},"end":{"line":193,"column":1}},"locations":[{"start":{"line":190,"column":7},"end":{"line":193,"column":1}}]},"40":{"type":"branch","line":192,"loc":{"start":{"line":192,"column":16},"end":{"line":192,"column":53}},"locations":[{"start":{"line":192,"column":16},"end":{"line":192,"column":53}}]},"41":{"type":"branch","line":192,"loc":{"start":{"line":192,"column":44},"end":{"line":192,"column":58}},"locations":[{"start":{"line":192,"column":44},"end":{"line":192,"column":58}}]},"42":{"type":"branch","line":201,"loc":{"start":{"line":201,"column":7},"end":{"line":204,"column":1}},"locations":[{"start":{"line":201,"column":7},"end":{"line":204,"column":1}}]},"43":{"type":"branch","line":203,"loc":{"start":{"line":203,"column":16},"end":{"line":203,"column":57}},"locations":[{"start":{"line":203,"column":16},"end":{"line":203,"column":57}}]},"44":{"type":"branch","line":203,"loc":{"start":{"line":203,"column":44},"end":{"line":203,"column":62}},"locations":[{"start":{"line":203,"column":44},"end":{"line":203,"column":62}}]},"45":{"type":"branch","line":212,"loc":{"start":{"line":212,"column":7},"end":{"line":218,"column":1}},"locations":[{"start":{"line":212,"column":7},"end":{"line":218,"column":1}}]},"46":{"type":"branch","line":214,"loc":{"start":{"line":214,"column":23},"end":{"line":218,"column":1}},"locations":[{"start":{"line":214,"column":23},"end":{"line":218,"column":1}}]},"47":{"type":"branch","line":214,"loc":{"start":{"line":214,"column":23},"end":{"line":216,"column":3}},"locations":[{"start":{"line":214,"column":23},"end":{"line":216,"column":3}}]},"48":{"type":"branch","line":216,"loc":{"start":{"line":216,"column":2},"end":{"line":218,"column":1}},"locations":[{"start":{"line":216,"column":2},"end":{"line":218,"column":1}}]}},"b":{"0":[3335],"1":[3324],"2":[14],"3":[3321],"4":[22],"5":[3299],"6":[1007],"7":[2013],"8":[0],"9":[3332],"10":[3299],"11":[2293],"12":[1007],"13":[2292],"14":[2293],"15":[283],"16":[13],"17":[270],"18":[2],"19":[270],"20":[230],"21":[0],"22":[3],"23":[227],"24":[20],"25":[3],"26":[17],"27":[18],"28":[16],"29":[2],"30":[262],"31":[2],"32":[260],"33":[10],"34":[4],"35":[5],"36":[4],"37":[10],"38":[131],"39":[10],"40":[6],"41":[4],"42":[10],"43":[6],"44":[4],"45":[7],"46":[5],"47":[3],"48":[4]},"fnMap":{"0":{"name":"parseDID","decl":{"start":{"line":28,"column":7},"end":{"line":77,"column":1}},"loc":{"start":{"line":28,"column":7},"end":{"line":77,"column":1}},"line":28},"1":{"name":"validateDID","decl":{"start":{"line":85,"column":7},"end":{"line":145,"column":1}},"loc":{"start":{"line":85,"column":7},"end":{"line":145,"column":1}},"line":85},"2":{"name":"createDIDURL","decl":{"start":{"line":153,"column":7},"end":{"line":172,"column":1}},"loc":{"start":{"line":153,"column":7},"end":{"line":172,"column":1}},"line":153},"3":{"name":"isDID","decl":{"start":{"line":180,"column":7},"end":{"line":182,"column":1}},"loc":{"start":{"line":180,"column":7},"end":{"line":182,"column":1}},"line":180},"4":{"name":"extractMethod","decl":{"start":{"line":190,"column":7},"end":{"line":193,"column":1}},"loc":{"start":{"line":190,"column":7},"end":{"line":193,"column":1}},"line":190},"5":{"name":"extractIdentifier","decl":{"start":{"line":201,"column":7},"end":{"line":204,"column":1}},"loc":{"start":{"line":201,"column":7},"end":{"line":204,"column":1}},"line":201},"6":{"name":"normalizeDID","decl":{"start":{"line":212,"column":7},"end":{"line":218,"column":1}},"loc":{"start":{"line":212,"column":7},"end":{"line":218,"column":1}},"line":212}},"f":{"0":3335,"1":283,"2":10,"3":131,"4":10,"5":10,"6":7}}
}
